e:\thuchanh\hk7\game\main\ttttt\game\game\debug\vc140.pdb
e:\thuchanh\hk7\game\main\ttttt\game\game\debug\vc140.idb
e:\thuchanh\hk7\game\main\ttttt\game\game\debug\camera.obj
e:\thuchanh\hk7\game\main\ttttt\game\game\debug\gametime.obj
e:\thuchanh\hk7\game\main\ttttt\game\game\debug\game.obj
e:\thuchanh\hk7\game\main\ttttt\game\game\debug\gamewindow.obj
e:\thuchanh\hk7\game\main\ttttt\game\game\debug\gobject.obj
e:\thuchanh\hk7\game\main\ttttt\game\game\debug\graphics.obj
e:\thuchanh\hk7\game\main\ttttt\game\game\debug\keyboard.obj
e:\thuchanh\hk7\game\main\ttttt\game\game\debug\main.obj
e:\thuchanh\hk7\game\main\ttttt\game\game\debug\map.obj
e:\thuchanh\hk7\game\main\ttttt\game\game\debug\movableobject.obj
e:\thuchanh\hk7\game\main\ttttt\game\game\debug\objectsfilter.obj
e:\thuchanh\hk7\game\main\ttttt\game\game\debug\rectf.obj
e:\thuchanh\hk7\game\main\ttttt\game\game\debug\simon.obj
e:\thuchanh\hk7\game\main\ttttt\game\game\debug\sprite.obj
e:\thuchanh\hk7\game\main\ttttt\game\game\debug\spritemanager.obj
e:\thuchanh\hk7\game\main\ttttt\game\game\debug\stage.obj
e:\thuchanh\hk7\game\main\ttttt\game\game\debug\sweptaabb.obj
e:\thuchanh\hk7\game\main\ttttt\game\game\debug\texture.obj
e:\thuchanh\hk7\game\main\ttttt\game\game\debug\tilemap.obj
e:\thuchanh\hk7\game\main\ttttt\game\game\debug\zombie.obj
e:\thuchanh\hk7\game\main\ttttt\game\game\debug\enemy.obj
e:\thuchanh\hk7\game\main\ttttt\game\game\debug\animation.obj
e:\thuchanh\hk7\game\main\ttttt\game\game\debug\bigfire.obj
e:\thuchanh\hk7\game\main\ttttt\game\game\debug\quadtree.obj
e:\thuchanh\hk7\game\main\ttttt\game\game\debug\quadtreenode.obj
c:\users\minh man\desktop\game\game\debug\vc140.pdb
c:\users\minh man\desktop\game\game\debug\vc140.idb
c:\users\minh man\desktop\game\game\debug\game.obj
c:\users\minh man\desktop\game\game\debug\gamewindow.obj
c:\users\minh man\desktop\game\game\debug\gobject.obj
c:\users\minh man\desktop\game\game\debug\graphics.obj
c:\users\minh man\desktop\game\game\debug\keyboard.obj
c:\users\minh man\desktop\game\game\debug\main.obj
c:\users\minh man\desktop\game\game\debug\map.obj
c:\users\minh man\desktop\game\game\debug\movableobject.obj
c:\users\minh man\desktop\game\game\debug\objectsfilter.obj
c:\users\minh man\desktop\game\game\debug\quadtree.obj
c:\users\minh man\desktop\game\game\debug\quadtreenode.obj
c:\users\minh man\desktop\game\game\debug\rectf.obj
c:\users\minh man\desktop\game\game\debug\simon.obj
c:\users\minh man\desktop\game\game\debug\sprite.obj
c:\users\minh man\desktop\game\game\debug\spritemanager.obj
c:\users\minh man\desktop\game\game\debug\stage.obj
c:\users\minh man\desktop\game\game\debug\sweptaabb.obj
c:\users\minh man\desktop\game\game\debug\texture.obj
c:\users\minh man\desktop\game\game\debug\tilemap.obj
c:\users\minh man\desktop\game\game\debug\zombie.obj
c:\users\minh man\desktop\game\game\debug\animation.obj
c:\users\minh man\desktop\game\game\debug\bigfire.obj
c:\users\minh man\desktop\game\game\debug\camera.obj
c:\users\minh man\desktop\game\game\debug\enemy.obj
c:\users\minh man\desktop\game\game\debug\gametime.obj
c:\users\minh man\desktop\game\game\debug\gate1.obj
c:\users\minh man\desktop\game\game\debug\door.obj
c:\users\minh man\desktop\game\game\debug\candlesmall.obj
e:\thuchanh\hk7\game\main\ttttt\game\debug\game.ilk
e:\thuchanh\hk7\game\main\ttttt\game\debug\game.exe
e:\thuchanh\hk7\game\main\ttttt\game\debug\game.pdb
c:\users\minh man\desktop\game\debug\game.ilk
c:\users\minh man\desktop\game\debug\game.exe
c:\users\minh man\desktop\game\debug\game.pdb
e:\thuchanh\hk7\game\main\ttttt\game\game\debug\game.res
c:\users\minh man\desktop\game\game\debug\game.res
c:\users\minh man\desktop\game\game\debug\game.tlog\cl.command.1.tlog
c:\users\minh man\desktop\game\game\debug\game.tlog\cl.read.1.tlog
c:\users\minh man\desktop\game\game\debug\game.tlog\cl.write.1.tlog
c:\users\minh man\desktop\game\game\debug\game.tlog\link.command.1.tlog
c:\users\minh man\desktop\game\game\debug\game.tlog\link.read.1.tlog
c:\users\minh man\desktop\game\game\debug\game.tlog\link.write.1.tlog
c:\users\minh man\desktop\game\game\debug\game.tlog\rc.command.1.tlog
c:\users\minh man\desktop\game\game\debug\game.tlog\rc.read.1.tlog
c:\users\minh man\desktop\game\game\debug\game.tlog\rc.write.1.tlog
